C:\USERS\BRETT\GITHUB\LINKERMOD\DEBUG\PATH_MOD.DLL
C:\USERS\BRETT\GITHUB\LINKERMOD\DEBUG\PATH_MOD.ILK
C:\USERS\BRETT\GITHUB\LINKERMOD\DEBUG\PATH_MOD.PDB
C:\Users\Brett\GitHub\LinkerMod\paths_mod\Debug\cl.command.1.tlog
C:\Users\Brett\GitHub\LinkerMod\paths_mod\Debug\CL.read.1.tlog
C:\Users\Brett\GitHub\LinkerMod\paths_mod\Debug\CL.write.1.tlog
C:\USERS\BRETT\GITHUB\LINKERMOD\PATHS_MOD\DEBUG\COM_MEMORY.OBJ
C:\USERS\BRETT\GITHUB\LINKERMOD\PATHS_MOD\DEBUG\CWINAPP.OBJ
C:\USERS\BRETT\GITHUB\LINKERMOD\PATHS_MOD\DEBUG\DLLMAIN.OBJ
C:\Users\Brett\GitHub\LinkerMod\paths_mod\Debug\link.8692.read.1.tlog
C:\Users\Brett\GitHub\LinkerMod\paths_mod\Debug\link.8692.write.1.tlog
C:\Users\Brett\GitHub\LinkerMod\paths_mod\Debug\link.8868.read.1.tlog
C:\Users\Brett\GitHub\LinkerMod\paths_mod\Debug\link.8868.write.1.tlog
C:\Users\Brett\GitHub\LinkerMod\paths_mod\Debug\link.8868-cvtres.read.1.tlog
C:\Users\Brett\GitHub\LinkerMod\paths_mod\Debug\link.8868-cvtres.write.1.tlog
C:\Users\Brett\GitHub\LinkerMod\paths_mod\Debug\link.9904.read.1.tlog
C:\Users\Brett\GitHub\LinkerMod\paths_mod\Debug\link.9904.write.1.tlog
C:\Users\Brett\GitHub\LinkerMod\paths_mod\Debug\link.9904-cvtres.read.1.tlog
C:\Users\Brett\GitHub\LinkerMod\paths_mod\Debug\link.9904-cvtres.write.1.tlog
C:\Users\Brett\GitHub\LinkerMod\paths_mod\Debug\link.command.1.tlog
C:\Users\Brett\GitHub\LinkerMod\paths_mod\Debug\link.read.1.tlog
C:\Users\Brett\GitHub\LinkerMod\paths_mod\Debug\link.write.1.tlog
C:\Users\Brett\GitHub\LinkerMod\paths_mod\Debug\link-cvtres.read.1.tlog
C:\Users\Brett\GitHub\LinkerMod\paths_mod\Debug\link-cvtres.write.1.tlog
C:\Users\Brett\GitHub\LinkerMod\paths_mod\Debug\mt.command.1.tlog
C:\Users\Brett\GitHub\LinkerMod\paths_mod\Debug\mt.read.1.tlog
C:\Users\Brett\GitHub\LinkerMod\paths_mod\Debug\mt.write.1.tlog
C:\USERS\BRETT\GITHUB\LINKERMOD\PATHS_MOD\DEBUG\PATH_MOD.DLL.EMBED.MANIFEST
C:\USERS\BRETT\GITHUB\LINKERMOD\PATHS_MOD\DEBUG\PATH_MOD.DLL.EMBED.MANIFEST.RES
C:\USERS\BRETT\GITHUB\LINKERMOD\PATHS_MOD\DEBUG\PATH_MOD.DLL.INTERMEDIATE.MANIFEST
C:\Users\Brett\GitHub\LinkerMod\paths_mod\Debug\path_mod.write.1.tlog
C:\Users\Brett\GitHub\LinkerMod\paths_mod\Debug\path_mod_manifest.rc
C:\Users\Brett\GitHub\LinkerMod\paths_mod\Debug\paths_mod.vcxprojResolveAssemblyReference.cache
C:\USERS\BRETT\GITHUB\LINKERMOD\PATHS_MOD\DEBUG\Q_PARSE.OBJ
C:\USERS\BRETT\GITHUB\LINKERMOD\PATHS_MOD\DEBUG\R_IMAGE.OBJ
C:\USERS\BRETT\GITHUB\LINKERMOD\PATHS_MOD\DEBUG\R_IMAGE_LOAD_COMMON.OBJ
C:\USERS\BRETT\GITHUB\LINKERMOD\PATHS_MOD\DEBUG\R_IMAGE_LOAD_OBJ.OBJ
C:\USERS\BRETT\GITHUB\LINKERMOD\PATHS_MOD\DEBUG\R_INIT.OBJ
C:\USERS\BRETT\GITHUB\LINKERMOD\PATHS_MOD\DEBUG\R_MATERIAL.OBJ
C:\USERS\BRETT\GITHUB\LINKERMOD\PATHS_MOD\DEBUG\R_MATERIAL_LOAD_OBJ.OBJ
C:\USERS\BRETT\GITHUB\LINKERMOD\PATHS_MOD\DEBUG\R_UTILS.OBJ
C:\Users\Brett\GitHub\LinkerMod\paths_mod\Debug\rc.command.1.tlog
C:\Users\Brett\GitHub\LinkerMod\paths_mod\Debug\rc.read.1.tlog
C:\Users\Brett\GitHub\LinkerMod\paths_mod\Debug\rc.write.1.tlog
C:\Users\Brett\GitHub\LinkerMod\paths_mod\Debug\vc100.idb
C:\USERS\BRETT\GITHUB\LINKERMOD\PATHS_MOD\DEBUG\VC100.PDB
C:\USERS\BRETT\GITHUB\LINKERMOD\PATHS_MOD\DEBUG\XMODEL_LOAD_OBJ.OBJ
